0 info it worked if it ends with ok
1 verbose cli [ '/home/martin/WebStorm-182.4892.25/bin/node-v10.13.0-linux-x64/bin/node',
1 verbose cli   '/usr/share/npm/bin/npm-cli.js',
1 verbose cli   'install',
1 verbose cli   '--scripts-prepend-node-path=auto' ]
2 info using npm@3.5.2
3 info using node@v10.13.0
4 verbose stack Error: Cannot find module 'ansi'
4 verbose stack     at Function.Module._resolveFilename (internal/modules/cjs/loader.js:580:15)
4 verbose stack     at Function.Module._load (internal/modules/cjs/loader.js:506:25)
4 verbose stack     at Module.require (internal/modules/cjs/loader.js:636:17)
4 verbose stack     at require (internal/modules/cjs/helpers.js:20:18)
4 verbose stack     at Object.<anonymous> (/usr/share/npm/lib/ls.js:15:13)
4 verbose stack     at Module._compile (internal/modules/cjs/loader.js:688:30)
4 verbose stack     at Object.Module._extensions..js (internal/modules/cjs/loader.js:699:10)
4 verbose stack     at Module.load (internal/modules/cjs/loader.js:598:32)
4 verbose stack     at tryModuleLoad (internal/modules/cjs/loader.js:537:12)
4 verbose stack     at Function.Module._load (internal/modules/cjs/loader.js:529:3)
5 verbose cwd /home/martin/WebstormProjects/Vandyhacks-Linter-Backend
6 error Linux 4.15.0-38-generic
7 error argv "/home/martin/WebStorm-182.4892.25/bin/node-v10.13.0-linux-x64/bin/node" "/usr/share/npm/bin/npm-cli.js" "install" "--scripts-prepend-node-path=auto"
8 error node v10.13.0
9 error npm  v3.5.2
10 error code MODULE_NOT_FOUND
11 error Cannot find module 'ansi'
12 error If you need help, you may report this error at:
12 error     <https://github.com/npm/npm/issues>
13 verbose exit [ 1, true ]
